STAR version=2.7.11a
STAR compilation time,server,dir=2023-09-15T02:58:53+0000 :/opt/conda/conda-bld/star_1694746407721/work/source
##### Command Line:
/home/agent/miniconda3/envs/AGENT/bin/STAR-avx2 --runThreadN 4 --genomeDir ./output/014/star_index --readFilesIn ./output/014/trimmed_rnaseq_1.fastq.gz ./output/014/trimmed_rnaseq_2.fastq.gz --readFilesCommand zcat --outFileNamePrefix ./output/014/ --outSAMtype BAM SortedByCoordinate --outBAMcompression 5
##### Initial USER parameters from Command Line:
outFileNamePrefix                 ./output/014/
###### All USER parameters from Command Line:
runThreadN                    4     ~RE-DEFINED
genomeDir                     ./output/014/star_index     ~RE-DEFINED
readFilesIn                   ./output/014/trimmed_rnaseq_1.fastq.gz   ./output/014/trimmed_rnaseq_2.fastq.gz        ~RE-DEFINED
readFilesCommand              zcat        ~RE-DEFINED
outFileNamePrefix             ./output/014/     ~RE-DEFINED
outSAMtype                    BAM   SortedByCoordinate        ~RE-DEFINED
outBAMcompression             5     ~RE-DEFINED
##### Finished reading parameters from all sources

##### Final user re-defined parameters-----------------:
runThreadN                        4
genomeDir                         ./output/014/star_index
readFilesIn                       ./output/014/trimmed_rnaseq_1.fastq.gz   ./output/014/trimmed_rnaseq_2.fastq.gz   
readFilesCommand                  zcat   
outFileNamePrefix                 ./output/014/
outSAMtype                        BAM   SortedByCoordinate   
outBAMcompression                 5

-------------------------------
##### Final effective command line:
/home/agent/miniconda3/envs/AGENT/bin/STAR-avx2   --runThreadN 4   --genomeDir ./output/014/star_index   --readFilesIn ./output/014/trimmed_rnaseq_1.fastq.gz   ./output/014/trimmed_rnaseq_2.fastq.gz      --readFilesCommand zcat      --outFileNamePrefix ./output/014/   --outSAMtype BAM   SortedByCoordinate      --outBAMcompression 5
----------------------------------------

Number of fastq files for each mate = 1

   Input read files for mate 1 :
-rw-rw-r-- 1 agent agent 37724365  4月11日 17:17 ./output/014/trimmed_rnaseq_1.fastq.gz

   readsCommandsFile:
exec > "./output/014/_STARtmp/tmp.fifo.read1"
echo FILE 0
zcat      "./output/014/trimmed_rnaseq_1.fastq.gz"


   Input read files for mate 2 :
-rw-rw-r-- 1 agent agent 41116408  4月11日 17:17 ./output/014/trimmed_rnaseq_2.fastq.gz

   readsCommandsFile:
exec > "./output/014/_STARtmp/tmp.fifo.read2"
echo FILE 0
zcat      "./output/014/trimmed_rnaseq_2.fastq.gz"

ParametersSolo: --soloCellFilterType CellRanger2.2 filtering parameters:  3000 0.99 10
WARNING: --limitBAMsortRAM=0, will use genome size as RAM limit for BAM sorting
Finished loading and checking parameters

EXITING because of FATAL ERROR: could not open genome file ./output/014/star_index//genomeParameters.txt
SOLUTION: check that the path to genome files, specified in --genomeDir is correct and the files are present, and have user read permsissions

Apr 11 17:27:35 ...... FATAL ERROR, exiting
