PLINK v1.9.0-b.7.7 64-bit (22 Oct 2024)
Options in effect:
  --bfile ./data/1000GP_pruned
  --homozyg
  --homozyg-density 50
  --homozyg-gap 100
  --homozyg-kb 1000
  --homozyg-snp 50
  --out ./output/002/roh_results

Hostname: agent-System-Product-Name
Working directory: /home/agent/Biomaster
Start time: Mon Mar 17 14:45:41 2025

Random number seed: 1742193941
96295 MB RAM detected; reserving 48147 MB for main workspace.
170158 variants loaded from .bim file.
3202 people (0 males, 0 females, 3202 ambiguous) loaded from .fam.
Ambiguous sex IDs written to ./output/002/roh_results.nosex .
Using 1 thread (no multithreaded calculations invoked).
Before main variant filters, 3202 founders and 0 nonfounders present.
Calculating allele frequencies... done.
Total genotyping rate is in [0.9999995, 1).
170158 variants and 3202 people pass filters and QC.
Note: No phenotypes present.
--homozyg: Scan complete, found 6880 ROH.
Results saved to ./output/002/roh_results.hom +
./output/002/roh_results.hom.indiv + ./output/002/roh_results.hom.summary .

End time: Mon Mar 17 14:45:42 2025
